
. 
. *********************************************
. *Econ 120C, WI25
. *Source Code for HW3
. *Name: Zhizhen Yu
. *Email: zhy008@ucsd.edu
. *PID: A16498056
. *********************************************
. 
. /* Load the dataset and save it under a different name as stated in instructions*
> /
. 
. use Seatbelts.dta, clear

. save seatbelts_hw3.dta, replace
file seatbelts_hw3.dta saved

. 
. 
. /* Always start by checking what is on the dataset */
. describe

Contains data from seatbelts_hw3.dta
 Observations:           765                  
    Variables:            14                  22 Mar 2025 20:15
-----------------------------------------------------------------------------------
Variable      Storage   Display    Value
    name         type    format    label      Variable label
-----------------------------------------------------------------------------------
state           str2    %9s                 * State Code
year            int     %8.0g                 
fips            byte    %9.0g                 state code
vmt             float   %9.0g                 
fatalityrate    float   %9.0g                 
sb_useage       float   %9.0g                 
speed65         float   %9.0g                 
speed70         float   %9.0g                 
drinkage21      float   %9.0g                 
ba08            float   %9.0g                 
income          float   %9.0g                 
age             float   %9.0g                 
primary         float   %9.0g                 
secondary       float   %9.0g                 
                                            * indicated variables have notes
-----------------------------------------------------------------------------------
Sorted by: 

. 
. /* Question 1 */
. gen lincome = ln(income)

. regress fatalityrate sb_useage speed65 speed70 ba08 drinkage21 lincome age, robus
> t

Linear regression                               Number of obs     =        556
                                                F(7, 548)         =      90.96
                                                Prob > F          =     0.0000
                                                R-squared         =     0.5493
                                                Root MSE          =      .0034

------------------------------------------------------------------------------
             |               Robust
fatalityrate | Coefficient  std. err.      t    P>|t|     [95% conf. interval]
-------------+----------------------------------------------------------------
   sb_useage |   .0040684   .0012323     3.30   0.001     .0016478    .0064889
     speed65 |   .0001479   .0004076     0.36   0.717    -.0006527    .0009486
     speed70 |   .0024045   .0004721     5.09   0.000     .0014771    .0033319
        ba08 |  -.0019246   .0003612    -5.33   0.000     -.002634   -.0012151
  drinkage21 |   .0000799   .0009872     0.08   0.936    -.0018593     .002019
     lincome |  -.0181444    .001086   -16.71   0.000    -.0202776   -.0160111
         age |  -7.22e-06   .0001644    -0.04   0.965    -.0003302    .0003158
       _cons |   .1965469   .0092503    21.25   0.000     .1783766    .2147172
------------------------------------------------------------------------------

. 
. 
. /* Questions 2 and 3 */
. encode state, gen(state_id)

. cap tab state, gen(stt)

. 
. 
. drop stt1

. 
. regress fatalityrate sb_useage speed65 speed70 ba08 drinkage21 lincome age stt*, 
> robust

Linear regression                               Number of obs     =        556
                                                F(57, 498)        =      90.12
                                                Prob > F          =     0.0000
                                                R-squared         =     0.8867
                                                Root MSE          =     .00179

------------------------------------------------------------------------------
             |               Robust
fatalityrate | Coefficient  std. err.      t    P>|t|     [95% conf. interval]
-------------+----------------------------------------------------------------
   sb_useage |  -.0057748   .0013175    -4.38   0.000    -.0083634   -.0031862
     speed65 |   -.000425   .0003735    -1.14   0.256    -.0011589    .0003089
     speed70 |   .0012333   .0003169     3.89   0.000     .0006106    .0018559
        ba08 |  -.0013775   .0003296    -4.18   0.000    -.0020251   -.0007298
  drinkage21 |   .0007453   .0006444     1.16   0.248    -.0005208    .0020115
     lincome |  -.0135144   .0016114    -8.39   0.000    -.0166805   -.0103483
         age |   .0009787   .0004957     1.97   0.049     4.69e-06    .0019527
        stt2 |  -.0100326   .0035745    -2.81   0.005    -.0170556   -.0030097
        stt3 |  -.0088063   .0038981    -2.26   0.024    -.0164651   -.0011475
        stt4 |  -.0077847   .0031865    -2.44   0.015    -.0140454   -.0015241
        stt5 |  -.0084504   .0024818    -3.40   0.001    -.0133265   -.0035743
        stt6 |  -.0100656   .0026879    -3.74   0.000    -.0153467   -.0047845
        stt7 |   -.014228   .0034317    -4.15   0.000    -.0209704   -.0074855
        stt8 |  -.0094609    .003738    -2.53   0.012     -.016805   -.0021167
        stt9 |  -.0107791   .0032645    -3.30   0.001     -.017193   -.0043651
       stt10 |   -.009097   .0047571    -1.91   0.056    -.0184435    .0002495
       stt11 |  -.0106959   .0026769    -4.00   0.000    -.0159554   -.0054365
       stt12 |  -.0106724   .0029869    -3.57   0.000    -.0165408    -.004804
       stt13 |  -.0126377   .0038916    -3.25   0.001    -.0202837   -.0049918
       stt14 |  -.0073945   .0028359    -2.61   0.009    -.0129664   -.0018226
       stt15 |  -.0114182   .0030492    -3.74   0.000     -.017409   -.0054273
       stt16 |  -.0141274   .0033038    -4.28   0.000    -.0206185   -.0076363
       stt17 |  -.0117984   .0033615    -3.51   0.000    -.0184028    -.005194
       stt18 |  -.0122204   .0034925    -3.50   0.001    -.0190824   -.0053585
       stt19 |  -.0075329   .0028044    -2.69   0.007    -.0130427    -.002023
       stt20 |  -.0179998   .0035187    -5.12   0.000    -.0249131   -.0110865
       stt21 |  -.0108678   .0029131    -3.73   0.000    -.0165912   -.0051443
       stt22 |  -.0159934   .0038094    -4.20   0.000     -.023478   -.0085089
       stt23 |  -.0119118   .0030257    -3.94   0.000    -.0178566   -.0059671
       stt24 |  -.0157803   .0030332    -5.20   0.000    -.0217398   -.0098207
       stt25 |  -.0114279   .0035803    -3.19   0.002    -.0184622   -.0043936
       stt26 |  -.0061523   .0031646    -1.94   0.052    -.0123698    .0000653
       stt27 |  -.0087854   .0033649    -2.61   0.009    -.0153966   -.0021743
       stt28 |  -.0085751   .0034129    -2.51   0.012    -.0152805   -.0018697
       stt29 |  -.0194209    .003638    -5.34   0.000    -.0265686   -.0122733
       stt30 |   -.014221   .0034204    -4.16   0.000    -.0209412   -.0075008
       stt31 |   -.014161   .0030402    -4.66   0.000    -.0201342   -.0081878
       stt32 |  -.0147025   .0034106    -4.31   0.000    -.0214035   -.0080016
       stt33 |  -.0054123   .0028364    -1.91   0.057    -.0109852    .0001605
       stt34 |  -.0033945   .0031599    -1.07   0.283    -.0096029    .0028139
       stt35 |  -.0106957   .0033436    -3.20   0.001    -.0172649   -.0041265
       stt36 |  -.0146726   .0034054    -4.31   0.000    -.0213634   -.0079819
       stt37 |  -.0154988   .0035269    -4.39   0.000    -.0224282   -.0085694
       stt38 |  -.0099978   .0036204    -2.76   0.006     -.017111   -.0028846
       stt39 |  -.0139136   .0040476    -3.44   0.001    -.0218661   -.0059611
       stt40 |  -.0212217   .0038778    -5.47   0.000    -.0288405   -.0136029
       stt41 |  -.0073329   .0033499    -2.19   0.029    -.0139146   -.0007512
       stt42 |  -.0128356    .003455    -3.72   0.000    -.0196238   -.0060473
       stt43 |  -.0088454   .0035005    -2.53   0.012     -.015723   -.0019679
       stt44 |  -.0094031   .0024019    -3.91   0.000    -.0141221    -.004684
       stt45 |  -.0096562   .0017681    -5.46   0.000      -.01313   -.0061824
       stt46 |  -.0131926   .0029527    -4.47   0.000     -.018994   -.0073913
       stt47 |  -.0131831   .0032841    -4.01   0.000    -.0196356   -.0067306
       stt48 |  -.0136453   .0029772    -4.58   0.000    -.0194947   -.0077958
       stt49 |  -.0152155   .0033274    -4.57   0.000    -.0217529    -.008678
       stt50 |  -.0117118   .0045351    -2.58   0.010    -.0206221   -.0028015
       stt51 |    -.00929   .0027618    -3.36   0.001    -.0147162   -.0038637
       _cons |   .1324191   .0110415    11.99   0.000     .1107255    .1541127
------------------------------------------------------------------------------

. 
. 
. 
. scalar q2 = -0.014228

. display q2
-.014228

. scalar q3 = -0.0057748

. display q2
-.014228

. 
. 
. /*Question 4 */
. 
. scalar q4 = 0.10 * -0.0057748

. display q4
-.00057748

. 
. /* Question 5 */
. tabulate year, generate(year_)

       year |      Freq.     Percent        Cum.
------------+-----------------------------------
       1983 |         51        6.67        6.67
       1984 |         51        6.67       13.33
       1985 |         51        6.67       20.00
       1986 |         51        6.67       26.67
       1987 |         51        6.67       33.33
       1988 |         51        6.67       40.00
       1989 |         51        6.67       46.67
       1990 |         51        6.67       53.33
       1991 |         51        6.67       60.00
       1992 |         51        6.67       66.67
       1993 |         51        6.67       73.33
       1994 |         51        6.67       80.00
       1995 |         51        6.67       86.67
       1996 |         51        6.67       93.33
       1997 |         51        6.67      100.00
------------+-----------------------------------
      Total |        765      100.00

. drop if year == 1983
(51 observations deleted)

. 
. list year year_1 year_2 year_3 year_4 if year <= 1986, sepby(year)

     +------------------------------------------+
     | year   year_1   year_2   year_3   year_4 |
     |------------------------------------------|
  1. | 1984        0        1        0        0 |
     |------------------------------------------|
  2. | 1985        0        0        1        0 |
     |------------------------------------------|
  3. | 1986        0        0        0        1 |
     |------------------------------------------|
 15. | 1984        0        1        0        0 |
     |------------------------------------------|
 16. | 1985        0        0        1        0 |
     |------------------------------------------|
 17. | 1986        0        0        0        1 |
     |------------------------------------------|
 29. | 1984        0        1        0        0 |
     |------------------------------------------|
 30. | 1985        0        0        1        0 |
     |------------------------------------------|
 31. | 1986        0        0        0        1 |
     |------------------------------------------|
 43. | 1984        0        1        0        0 |
     |------------------------------------------|
 44. | 1985        0        0        1        0 |
     |------------------------------------------|
 45. | 1986        0        0        0        1 |
     |------------------------------------------|
 57. | 1984        0        1        0        0 |
     |------------------------------------------|
 58. | 1985        0        0        1        0 |
     |------------------------------------------|
 59. | 1986        0        0        0        1 |
     |------------------------------------------|
 71. | 1984        0        1        0        0 |
     |------------------------------------------|
 72. | 1985        0        0        1        0 |
     |------------------------------------------|
 73. | 1986        0        0        0        1 |
     |------------------------------------------|
 85. | 1984        0        1        0        0 |
     |------------------------------------------|
 86. | 1985        0        0        1        0 |
     |------------------------------------------|
 87. | 1986        0        0        0        1 |
     |------------------------------------------|
 99. | 1984        0        1        0        0 |
     |------------------------------------------|
100. | 1985        0        0        1        0 |
     |------------------------------------------|
101. | 1986        0        0        0        1 |
     |------------------------------------------|
113. | 1984        0        1        0        0 |
     |------------------------------------------|
114. | 1985        0        0        1        0 |
     |------------------------------------------|
115. | 1986        0        0        0        1 |
     |------------------------------------------|
127. | 1984        0        1        0        0 |
     |------------------------------------------|
128. | 1985        0        0        1        0 |
     |------------------------------------------|
129. | 1986        0        0        0        1 |
     |------------------------------------------|
141. | 1984        0        1        0        0 |
     |------------------------------------------|
142. | 1985        0        0        1        0 |
     |------------------------------------------|
143. | 1986        0        0        0        1 |
     |------------------------------------------|
155. | 1984        0        1        0        0 |
     |------------------------------------------|
156. | 1985        0        0        1        0 |
     |------------------------------------------|
157. | 1986        0        0        0        1 |
     |------------------------------------------|
169. | 1984        0        1        0        0 |
     |------------------------------------------|
170. | 1985        0        0        1        0 |
     |------------------------------------------|
171. | 1986        0        0        0        1 |
     |------------------------------------------|
183. | 1984        0        1        0        0 |
     |------------------------------------------|
184. | 1985        0        0        1        0 |
     |------------------------------------------|
185. | 1986        0        0        0        1 |
     |------------------------------------------|
197. | 1984        0        1        0        0 |
     |------------------------------------------|
198. | 1985        0        0        1        0 |
     |------------------------------------------|
199. | 1986        0        0        0        1 |
     |------------------------------------------|
211. | 1984        0        1        0        0 |
     |------------------------------------------|
212. | 1985        0        0        1        0 |
     |------------------------------------------|
213. | 1986        0        0        0        1 |
     |------------------------------------------|
225. | 1984        0        1        0        0 |
     |------------------------------------------|
226. | 1985        0        0        1        0 |
     |------------------------------------------|
227. | 1986        0        0        0        1 |
     |------------------------------------------|
239. | 1984        0        1        0        0 |
     |------------------------------------------|
240. | 1985        0        0        1        0 |
     |------------------------------------------|
241. | 1986        0        0        0        1 |
     |------------------------------------------|
253. | 1984        0        1        0        0 |
     |------------------------------------------|
254. | 1985        0        0        1        0 |
     |------------------------------------------|
255. | 1986        0        0        0        1 |
     |------------------------------------------|
267. | 1984        0        1        0        0 |
     |------------------------------------------|
268. | 1985        0        0        1        0 |
     |------------------------------------------|
269. | 1986        0        0        0        1 |
     |------------------------------------------|
281. | 1984        0        1        0        0 |
     |------------------------------------------|
282. | 1985        0        0        1        0 |
     |------------------------------------------|
283. | 1986        0        0        0        1 |
     |------------------------------------------|
295. | 1984        0        1        0        0 |
     |------------------------------------------|
296. | 1985        0        0        1        0 |
     |------------------------------------------|
297. | 1986        0        0        0        1 |
     |------------------------------------------|
309. | 1984        0        1        0        0 |
     |------------------------------------------|
310. | 1985        0        0        1        0 |
     |------------------------------------------|
311. | 1986        0        0        0        1 |
     |------------------------------------------|
323. | 1984        0        1        0        0 |
     |------------------------------------------|
324. | 1985        0        0        1        0 |
     |------------------------------------------|
325. | 1986        0        0        0        1 |
     |------------------------------------------|
337. | 1984        0        1        0        0 |
     |------------------------------------------|
338. | 1985        0        0        1        0 |
     |------------------------------------------|
339. | 1986        0        0        0        1 |
     |------------------------------------------|
351. | 1984        0        1        0        0 |
     |------------------------------------------|
352. | 1985        0        0        1        0 |
     |------------------------------------------|
353. | 1986        0        0        0        1 |
     |------------------------------------------|
365. | 1984        0        1        0        0 |
     |------------------------------------------|
366. | 1985        0        0        1        0 |
     |------------------------------------------|
367. | 1986        0        0        0        1 |
     |------------------------------------------|
379. | 1984        0        1        0        0 |
     |------------------------------------------|
380. | 1985        0        0        1        0 |
     |------------------------------------------|
381. | 1986        0        0        0        1 |
     |------------------------------------------|
393. | 1984        0        1        0        0 |
     |------------------------------------------|
394. | 1985        0        0        1        0 |
     |------------------------------------------|
395. | 1986        0        0        0        1 |
     |------------------------------------------|
407. | 1984        0        1        0        0 |
     |------------------------------------------|
408. | 1985        0        0        1        0 |
     |------------------------------------------|
409. | 1986        0        0        0        1 |
     |------------------------------------------|
421. | 1984        0        1        0        0 |
     |------------------------------------------|
422. | 1985        0        0        1        0 |
     |------------------------------------------|
423. | 1986        0        0        0        1 |
     |------------------------------------------|
435. | 1984        0        1        0        0 |
     |------------------------------------------|
436. | 1985        0        0        1        0 |
     |------------------------------------------|
437. | 1986        0        0        0        1 |
     |------------------------------------------|
449. | 1984        0        1        0        0 |
     |------------------------------------------|
450. | 1985        0        0        1        0 |
     |------------------------------------------|
451. | 1986        0        0        0        1 |
     |------------------------------------------|
463. | 1984        0        1        0        0 |
     |------------------------------------------|
464. | 1985        0        0        1        0 |
     |------------------------------------------|
465. | 1986        0        0        0        1 |
     |------------------------------------------|
477. | 1984        0        1        0        0 |
     |------------------------------------------|
478. | 1985        0        0        1        0 |
     |------------------------------------------|
479. | 1986        0        0        0        1 |
     |------------------------------------------|
491. | 1984        0        1        0        0 |
     |------------------------------------------|
492. | 1985        0        0        1        0 |
     |------------------------------------------|
493. | 1986        0        0        0        1 |
     |------------------------------------------|
505. | 1984        0        1        0        0 |
     |------------------------------------------|
506. | 1985        0        0        1        0 |
     |------------------------------------------|
507. | 1986        0        0        0        1 |
     |------------------------------------------|
519. | 1984        0        1        0        0 |
     |------------------------------------------|
520. | 1985        0        0        1        0 |
     |------------------------------------------|
521. | 1986        0        0        0        1 |
     |------------------------------------------|
533. | 1984        0        1        0        0 |
     |------------------------------------------|
534. | 1985        0        0        1        0 |
     |------------------------------------------|
535. | 1986        0        0        0        1 |
     |------------------------------------------|
547. | 1984        0        1        0        0 |
     |------------------------------------------|
548. | 1985        0        0        1        0 |
     |------------------------------------------|
549. | 1986        0        0        0        1 |
     |------------------------------------------|
561. | 1984        0        1        0        0 |
     |------------------------------------------|
562. | 1985        0        0        1        0 |
     |------------------------------------------|
563. | 1986        0        0        0        1 |
     |------------------------------------------|
575. | 1984        0        1        0        0 |
     |------------------------------------------|
576. | 1985        0        0        1        0 |
     |------------------------------------------|
577. | 1986        0        0        0        1 |
     |------------------------------------------|
589. | 1984        0        1        0        0 |
     |------------------------------------------|
590. | 1985        0        0        1        0 |
     |------------------------------------------|
591. | 1986        0        0        0        1 |
     |------------------------------------------|
603. | 1984        0        1        0        0 |
     |------------------------------------------|
604. | 1985        0        0        1        0 |
     |------------------------------------------|
605. | 1986        0        0        0        1 |
     |------------------------------------------|
617. | 1984        0        1        0        0 |
     |------------------------------------------|
618. | 1985        0        0        1        0 |
     |------------------------------------------|
619. | 1986        0        0        0        1 |
     |------------------------------------------|
631. | 1984        0        1        0        0 |
     |------------------------------------------|
632. | 1985        0        0        1        0 |
     |------------------------------------------|
633. | 1986        0        0        0        1 |
     |------------------------------------------|
645. | 1984        0        1        0        0 |
     |------------------------------------------|
646. | 1985        0        0        1        0 |
     |------------------------------------------|
647. | 1986        0        0        0        1 |
     |------------------------------------------|
659. | 1984        0        1        0        0 |
     |------------------------------------------|
660. | 1985        0        0        1        0 |
     |------------------------------------------|
661. | 1986        0        0        0        1 |
     |------------------------------------------|
673. | 1984        0        1        0        0 |
     |------------------------------------------|
674. | 1985        0        0        1        0 |
     |------------------------------------------|
675. | 1986        0        0        0        1 |
     |------------------------------------------|
687. | 1984        0        1        0        0 |
     |------------------------------------------|
688. | 1985        0        0        1        0 |
     |------------------------------------------|
689. | 1986        0        0        0        1 |
     |------------------------------------------|
701. | 1984        0        1        0        0 |
     |------------------------------------------|
702. | 1985        0        0        1        0 |
     |------------------------------------------|
703. | 1986        0        0        0        1 |
     +------------------------------------------+

. areg fatalityrate sb_useage speed65 speed70 ba08 drinkage21 lincome age ///
> year_2 year_3 year_4 year_5 year_6 year_7 year_8 year_9 year_10 ///
> year_11 year_12 year_13 year_14 year_15, absorb(state_id) robust
note: year_15 omitted because of collinearity.

Linear regression, absorbing indicators             Number of obs     =    553
Absorbed variable: state_id                         No. of categories =     51
                                                    F(20, 482)        =  86.40
                                                    Prob > F          = 0.0000
                                                    R-squared         = 0.9101
                                                    Adj R-squared     = 0.8971
                                                    Root MSE          = 0.0016

------------------------------------------------------------------------------
             |               Robust
fatalityrate | Coefficient  std. err.      t    P>|t|     [95% conf. interval]
-------------+----------------------------------------------------------------
   sb_useage |  -.0037457   .0012624    -2.97   0.003    -.0062263   -.0012652
     speed65 |  -.0007623    .000424    -1.80   0.073    -.0015954    .0000707
     speed70 |   .0008083   .0003322     2.43   0.015     .0001556    .0014611
        ba08 |  -.0008093   .0003132    -2.58   0.010    -.0014247    -.000194
  drinkage21 |  -.0014367   .0006361    -2.26   0.024    -.0026865   -.0001869
     lincome |   .0066184    .004709     1.41   0.161    -.0026343    .0158711
         age |   .0014484   .0004586     3.16   0.002     .0005474    .0023494
      year_2 |   .0114582    .003259     3.52   0.000     .0050547    .0178617
      year_3 |    .010832   .0029269     3.70   0.000     .0050809    .0165832
      year_4 |   .0113803   .0026833     4.24   0.000     .0061079    .0166526
      year_5 |   .0110727   .0023409     4.73   0.000     .0064731    .0156723
      year_6 |   .0100135   .0020191     4.96   0.000     .0060462    .0139808
      year_7 |   .0076908   .0017425     4.41   0.000     .0042669    .0111147
      year_8 |   .0065658   .0014957     4.39   0.000     .0036269    .0095047
      year_9 |   .0051497   .0013472     3.82   0.000     .0025026    .0077967
     year_10 |   .0032589   .0011463     2.84   0.005     .0010065    .0055114
     year_11 |    .002809   .0010055     2.79   0.005     .0008332    .0047847
     year_12 |   .0020879   .0007767     2.69   0.007     .0005618     .003614
     year_13 |   .0015674   .0005746     2.73   0.007     .0004384    .0026964
     year_14 |   .0005642   .0004082     1.38   0.168     -.000238    .0013664
     year_15 |          0  (omitted)
       _cons |  -.0975906   .0469231    -2.08   0.038    -.1897898   -.0053915
------------------------------------------------------------------------------

. 
. 
. scalar q5a = -.0037457

. display q5a
-.0037457

. 
. test year_2 year_3 year_4 year_5 year_6 year_7 year_8 ///
>      year_9 year_10 year_11 year_12 year_13 year_14 year_15

 ( 1)  year_2 = 0
 ( 2)  year_3 = 0
 ( 3)  year_4 = 0
 ( 4)  year_5 = 0
 ( 5)  year_6 = 0
 ( 6)  year_7 = 0
 ( 7)  year_8 = 0
 ( 8)  year_9 = 0
 ( 9)  year_10 = 0
 (10)  year_11 = 0
 (11)  year_12 = 0
 (12)  year_13 = 0
 (13)  year_14 = 0
 (14)  o.year_15 = 0
       Constraint 14 dropped

       F( 13,   482) =   11.92
            Prob > F =    0.0000

.          
. scalar q5b = 11.92

. display q5b
11.92

. 
. 
. 
. /* Question 6 */
. areg fatalityrate sb_useage speed65 speed70 ba08 drinkage21 lincome age ///
> year_2 year_3 year_4 year_5 year_6 year_7 year_8 year_9 year_10 ///
> year_11 year_12 year_13 year_14 year_15, absorb(state_id) vce(cluster state_id)
note: year_15 omitted because of collinearity.

Linear regression, absorbing indicators             Number of obs     =    553
Absorbed variable: state_id                         No. of categories =     51
                                                    F(20, 50)         =  47.38
                                                    Prob > F          = 0.0000
                                                    R-squared         = 0.9101
                                                    Adj R-squared     = 0.8971
                                                    Root MSE          = 0.0016

                              (Std. err. adjusted for 51 clusters in state_id)
------------------------------------------------------------------------------
             |               Robust
fatalityrate | Coefficient  std. err.      t    P>|t|     [95% conf. interval]
-------------+----------------------------------------------------------------
   sb_useage |  -.0037457   .0015275    -2.45   0.018    -.0068138   -.0006777
     speed65 |  -.0007623   .0006015    -1.27   0.211    -.0019706    .0004459
     speed70 |   .0008083   .0004773     1.69   0.097    -.0001503     .001767
        ba08 |  -.0008093    .000467    -1.73   0.089    -.0017472    .0001286
  drinkage21 |  -.0014367   .0006732    -2.13   0.038    -.0027889   -.0000845
     lincome |   .0066184   .0070131     0.94   0.350    -.0074678    .0207045
         age |   .0014484   .0007203     2.01   0.050     1.57e-06    .0028953
      year_2 |   .0114582   .0049306     2.32   0.024     .0015548    .0213617
      year_3 |    .010832   .0044312     2.44   0.018     .0019316    .0197324
      year_4 |   .0113803   .0040834     2.79   0.008     .0031786    .0195819
      year_5 |   .0110727   .0034726     3.19   0.002     .0040979    .0180476
      year_6 |   .0100135   .0029831     3.36   0.002     .0040217    .0160052
      year_7 |   .0076908   .0025786     2.98   0.004     .0025115    .0128701
      year_8 |   .0065658   .0022183     2.96   0.005     .0021103    .0110213
      year_9 |   .0051497   .0019688     2.62   0.012     .0011952    .0091042
     year_10 |   .0032589    .001721     1.89   0.064    -.0001979    .0067157
     year_11 |    .002809   .0014894     1.89   0.065    -.0001827    .0058006
     year_12 |   .0020879   .0010626     1.96   0.055    -.0000464    .0042222
     year_13 |   .0015674   .0007309     2.14   0.037     .0000992    .0030355
     year_14 |   .0005642   .0004246     1.33   0.190    -.0002886     .001417
     year_15 |          0  (omitted)
       _cons |  -.0975906   .0743301    -1.31   0.195     -.246887    .0517058
------------------------------------------------------------------------------

. 
. 
. 
. 
. 
. /* Question 7 */
. summarize vmt

    Variable |        Obs        Mean    Std. dev.       Min        Max
-------------+---------------------------------------------------------
         vmt |        714    42098.61    44548.48       3214     285612

. 
. 
. scalar q7 = 47

. display q7
47

. 
. 
. /* Question 8 */
. gen california = (state == "CA")

. summarize vmt if california == 1

    Variable |        Obs        Mean    Std. dev.       Min        Max
-------------+---------------------------------------------------------
         vmt |         14    249731.1    28178.65     196537     285612

. scalar coef_ba08 = -0.0008093  

. scalar avg_vmt_CA = 249731.1      

. scalar q8 = coef_ba08 * avg_vmt_CA

. display q8
-202.10738

. 
. 
. /*Question 9 */
. areg sb_useage primary secondary speed65 speed70 ba08 drinkage21 lincome age ///
> year_2 year_3 year_4 year_5 year_6 year_7 year_8 year_9 year_10 ///
> year_11 year_12 year_13 year_14 year_15, absorb(state_id) vce(cluster state_id)
note: year_15 omitted because of collinearity.

Linear regression, absorbing indicators             Number of obs     =    553
Absorbed variable: state_id                         No. of categories =     51
                                                    F(21, 50)         = 179.10
                                                    Prob > F          = 0.0000
                                                    R-squared         = 0.8981
                                                    Adj R-squared     = 0.8831
                                                    Root MSE          = 0.0573

                              (Std. err. adjusted for 51 clusters in state_id)
------------------------------------------------------------------------------
             |               Robust
   sb_useage | Coefficient  std. err.      t    P>|t|     [95% conf. interval]
-------------+----------------------------------------------------------------
     primary |    .206131    .024613     8.37   0.000     .1566944    .2555676
   secondary |   .1085065   .0142377     7.62   0.000     .0799093    .1371037
     speed65 |   .0229629   .0216195     1.06   0.293    -.0204611     .066387
     speed70 |    .012045   .0216093     0.56   0.580    -.0313585    .0554486
        ba08 |   .0038236   .0184908     0.21   0.837    -.0333163    .0409635
  drinkage21 |   .0092288   .0302476     0.31   0.762    -.0515253    .0699829
     lincome |   .0594033    .269989     0.22   0.827    -.4828856    .6016922
         age |   .0144811   .0248673     0.58   0.563    -.0354664    .0644286
      year_2 |  -.2924448   .1949469    -1.50   0.140    -.6840071    .0991175
      year_3 |  -.2389595   .1837042    -1.30   0.199    -.6079402    .1300212
      year_4 |  -.1889079   .1671027    -1.13   0.264    -.5245436    .1467277
      year_5 |   -.172246   .1444823    -1.19   0.239    -.4624472    .1179552
      year_6 |  -.1574138   .1218282    -1.29   0.202     -.402113    .0872853
      year_7 |  -.1263792   .1043314    -1.21   0.231     -.335935    .0831767
      year_8 |  -.1069912    .086993    -1.23   0.224    -.2817218    .0677394
      year_9 |  -.0597958   .0792898    -0.75   0.454    -.2190541    .0994625
     year_10 |  -.0336176   .0638477    -0.53   0.601    -.1618595    .0946244
     year_11 |  -.0147168    .052148    -0.28   0.779    -.1194591    .0900255
     year_12 |   .0011022   .0403585     0.03   0.978    -.0799602    .0821645
     year_13 |  -.0015207   .0276599    -0.05   0.956    -.0570772    .0540359
     year_14 |  -.0100293   .0132007    -0.76   0.451    -.0365438    .0164852
     year_15 |          0  (omitted)
       _cons |  -.6290875   3.014012    -0.21   0.836    -6.682909    5.424734
------------------------------------------------------------------------------

. 
. 
. /* Question 10 */
. areg sb_useage primary secondary speed65 speed70 ba08 drinkage21 lincome age ///
>       year_2 year_3 year_4 year_5 year_6 year_7 year_8 year_9 ///
>       year_10 year_11 year_12 year_13 year_14 year_15, absorb(state) robust
note: year_15 omitted because of collinearity.

Linear regression, absorbing indicators             Number of obs     =    553
Absorbed variable: state                            No. of categories =     51
                                                    F(21, 481)        = 193.81
                                                    Prob > F          = 0.0000
                                                    R-squared         = 0.8981
                                                    Adj R-squared     = 0.8831
                                                    Root MSE          = 0.0573

------------------------------------------------------------------------------
             |               Robust
   sb_useage | Coefficient  std. err.      t    P>|t|     [95% conf. interval]
-------------+----------------------------------------------------------------
     primary |    .206131   .0209483     9.84   0.000     .1649695    .2472925
   secondary |   .1085065   .0112563     9.64   0.000     .0863889    .1306241
     speed65 |   .0229629   .0143568     1.60   0.110    -.0052469    .0511727
     speed70 |    .012045   .0131324     0.92   0.359    -.0137589     .037849
        ba08 |   .0038236   .0142682     0.27   0.789    -.0242121    .0318593
  drinkage21 |   .0092288   .0244992     0.38   0.707    -.0389098    .0573674
     lincome |   .0594033   .1423747     0.42   0.677    -.2203498    .3391565
         age |   .0144811   .0154438     0.94   0.349    -.0158646    .0448268
      year_2 |  -.2924448   .0997215    -2.93   0.004    -.4883884   -.0965012
      year_3 |  -.2389595   .0959617    -2.49   0.013    -.4275153   -.0504037
      year_4 |  -.1889079   .0844924    -2.24   0.026    -.3549277   -.0228881
      year_5 |   -.172246   .0725528    -2.37   0.018    -.3148056   -.0296864
      year_6 |  -.1574138   .0633822    -2.48   0.013     -.281954   -.0328737
      year_7 |  -.1263792   .0540561    -2.34   0.020    -.2325944    -.020164
      year_8 |  -.1069912   .0453167    -2.36   0.019    -.1960343   -.0179481
      year_9 |  -.0597958   .0413946    -1.44   0.149    -.1411325    .0215409
     year_10 |  -.0336176    .034293    -0.98   0.327    -.1010002    .0337651
     year_11 |  -.0147168   .0291449    -0.50   0.614    -.0719837    .0425502
     year_12 |   .0011022   .0222447     0.05   0.961    -.0426065    .0448109
     year_13 |  -.0015207   .0170693    -0.09   0.929    -.0350603     .032019
     year_14 |  -.0100293   .0120562    -0.83   0.406    -.0337186      .01366
     year_15 |          0  (omitted)
       _cons |  -.6290875   1.568074    -0.40   0.688    -3.710209    2.452034
------------------------------------------------------------------------------

. scalar coef_primary = .206131

. scalar coef_secondary = .1085065

. scalar delta_usage = coef_primary - coef_secondary

. display delta_usage
.0976245

. 
. 
. scalar q10 = 13

. display q10
13

. 
. 
. /* Display all the scalars saved */
. 
. scalar list 
       q10 =         13
delta_usage =   .0976245
coef_secondary =   .1085065
coef_primary =    .206131
        q8 = -202.10738
avg_vmt_CA =   249731.1
 coef_ba08 =  -.0008093
        q7 =         47
       q5b =      11.92
       q5a =  -.0037457
        q4 = -.00057748
        q3 =  -.0057748
        q2 =   -.014228

. 
. /* Close/save your log file */
. 
. log close
      name:  <unnamed>
       log:  /Users/zhizhenyu/code/ECON120C-WI25/hw3/hw3_zhizhenyu.log
  log type:  text
 closed on:  22 Mar 2025, 20:15:15
-----------------------------------------------------------------------------------
